\BOOKMARK [1][-]{chapter*.5}{\376\377\000D\000e\000d\000i\000c\000a\000t\000o\000r\000i\000a}{}% 1
\BOOKMARK [1][-]{chapter*.6}{\376\377\000A\000g\000r\000a\000d\000e\000c\000i\000m\000i\000e\000n\000t\000o\000s}{}% 2
\BOOKMARK [1][-]{chapter*.7}{\376\377\000R\000e\000s\000u\000m\000e\000n}{}% 3
\BOOKMARK [1][-]{chapter*.8}{\376\377\000I\000n\000t\000r\000o\000d\000u\000c\000c\000i\000\363\000n}{}% 4
\BOOKMARK [0][-]{chapter.1}{\376\377\000E\000s\000t\000u\000d\000i\000o\000\040\000d\000e\000l\000\040\000P\000r\000o\000b\000l\000e\000m\000a}{}% 5
\BOOKMARK [1][-]{section.1.1}{\376\377\000D\000e\000f\000i\000n\000i\000c\000i\000o\000n\000e\000s\000,\000\040\000S\000i\000g\000l\000a\000s\000\040\000y\000\040\000A\000b\000r\000e\000v\000i\000a\000c\000i\000o\000n\000e\000s}{chapter.1}% 6
\BOOKMARK [1][-]{section.1.2}{\376\377\000C\000o\000n\000t\000e\000x\000t\000o\000\040\000d\000e\000l\000\040\000P\000r\000o\000b\000l\000e\000m\000a}{chapter.1}% 7
\BOOKMARK [2][-]{subsection.1.2.1}{\376\377\000D\000i\000a\000g\000r\000a\000m\000a\000\040\000d\000e\000\040\000S\000i\000t\000u\000a\000c\000i\000\363\000n\000\040\000A\000c\000t\000u\000a\000l}{section.1.2}% 8
\BOOKMARK [1][-]{section.1.3}{\376\377\000O\000p\000o\000r\000t\000u\000n\000i\000d\000a\000d\000e\000s\000\040\000d\000e\000\040\000M\000e\000j\000o\000r\000a\000\040\000o\000\040\000P\000r\000o\000b\000l\000e\000m\000\341\000t\000i\000c\000a\000s}{chapter.1}% 9
\BOOKMARK [1][-]{section.1.4}{\376\377\000P\000r\000o\000p\000u\000e\000s\000t\000a\000\040\000d\000e\000\040\000S\000o\000l\000u\000c\000i\000\363\000n}{chapter.1}% 10
\BOOKMARK [1][-]{section.1.5}{\376\377\000S\000o\000l\000u\000c\000i\000o\000n\000e\000s\000\040\000S\000i\000m\000i\000l\000a\000r\000e\000s\000\040\000D\000i\000s\000p\000o\000n\000i\000b\000l\000e\000s}{chapter.1}% 11
\BOOKMARK [2][-]{subsection.1.5.1}{\376\377\000A\000p\000l\000i\000c\000a\000c\000i\000\363\000n\000\040\000S\000i\000m\000i\000l\000a\000r}{section.1.5}% 12
\BOOKMARK [1][-]{section.1.6}{\376\377\000J\000u\000s\000t\000i\000f\000i\000c\000a\000c\000i\000\363\000n\000\040\000d\000e\000l\000\040\000P\000r\000o\000y\000e\000c\000t\000o}{chapter.1}% 13
\BOOKMARK [0][-]{chapter.2}{\376\377\000P\000r\000o\000y\000e\000c\000t\000o}{}% 14
\BOOKMARK [1][-]{section.2.1}{\376\377\000O\000b\000j\000e\000t\000i\000v\000o\000\040\000G\000e\000n\000e\000r\000a\000l\000\040\000d\000e\000l\000\040\000P\000r\000o\000y\000e\000c\000t\000o}{chapter.2}% 15
\BOOKMARK [1][-]{section.2.2}{\376\377\000O\000b\000j\000e\000t\000i\000v\000o\000s\000\040\000E\000s\000p\000e\000c\000\355\000f\000i\000c\000o\000s\000\040\000d\000e\000l\000\040\000P\000r\000o\000y\000e\000c\000t\000o}{chapter.2}% 16
\BOOKMARK [1][-]{section.2.3}{\376\377\000M\000e\000t\000o\000d\000o\000l\000o\000g\000\355\000a\000\040\000d\000e\000\040\000D\000e\000s\000a\000r\000r\000o\000l\000l\000o}{chapter.2}% 17
\BOOKMARK [1][-]{section.2.4}{\376\377\000T\000\351\000c\000n\000i\000c\000a\000s\000\040\000y\000\040\000N\000o\000t\000a\000c\000i\000o\000n\000e\000s}{chapter.2}% 18
\BOOKMARK [1][-]{section.2.5}{\376\377\000E\000s\000t\000\341\000n\000d\000a\000r\000e\000s\000\040\000d\000e\000\040\000D\000o\000c\000u\000m\000e\000n\000t\000a\000c\000i\000\363\000n}{chapter.2}% 19
\BOOKMARK [1][-]{section.2.6}{\376\377\000S\000o\000f\000t\000w\000a\000r\000e\000,\000\040\000F\000r\000a\000m\000e\000w\000o\000r\000k\000s\000\040\000y\000\040\000L\000e\000n\000g\000u\000a\000j\000e\000s\000\040\000U\000t\000i\000l\000i\000z\000a\000d\000o\000s}{chapter.2}% 20
\BOOKMARK [0][-]{chapter.3}{\376\377\000F\000a\000c\000t\000i\000b\000i\000l\000i\000d\000a\000d}{}% 21
\BOOKMARK [1][-]{section.3.1}{\376\377\000F\000a\000c\000t\000i\000b\000i\000l\000i\000d\000a\000d\000\040\000T\000\351\000c\000n\000i\000c\000a}{chapter.3}% 22
\BOOKMARK [2][-]{subsection.3.1.1}{\376\377\000C\000o\000n\000o\000c\000i\000m\000i\000e\000n\000t\000o\000s\000\040\000d\000e\000\040\000l\000o\000s\000\040\000U\000s\000u\000a\000r\000i\000o\000s}{section.3.1}% 23
\BOOKMARK [2][-]{subsection.3.1.2}{\376\377\000D\000i\000s\000p\000o\000n\000i\000b\000i\000l\000i\000d\000a\000d\000\040\000P\000r\000o\000f\000e\000s\000i\000o\000n\000a\000l}{section.3.1}% 24
\BOOKMARK [2][-]{subsection.3.1.3}{\376\377\000D\000e\000s\000p\000l\000i\000e\000g\000u\000e\000\040\000y\000\040\000S\000e\000r\000v\000i\000d\000o\000r}{section.3.1}% 25
\BOOKMARK [1][-]{section.3.2}{\376\377\000F\000a\000c\000t\000i\000b\000i\000l\000i\000d\000a\000d\000\040\000O\000p\000e\000r\000a\000t\000i\000v\000a}{chapter.3}% 26
\BOOKMARK [1][-]{section.3.3}{\376\377\000F\000a\000c\000t\000i\000b\000i\000l\000i\000d\000a\000d\000\040\000E\000c\000o\000n\000\363\000m\000i\000c\000a}{chapter.3}% 27
\BOOKMARK [2][-]{subsection.3.3.1}{\376\377\000T\000a\000b\000l\000a\000s\000\040\000d\000e\000\040\000C\000o\000s\000t\000o\000s}{section.3.3}% 28
\BOOKMARK [2][-]{subsection.3.3.2}{\376\377\000F\000l\000u\000j\000o\000\040\000d\000e\000\040\000C\000a\000j\000a}{section.3.3}% 29
\BOOKMARK [3][-]{subsubsection.3.3.2.1}{\376\377\000C\000o\000n\000t\000e\000x\000t\000o\000\040\000e\000\040\000I\000n\000d\000i\000c\000a\000d\000o\000r\000e\000s\000\040\000E\000c\000o\000n\000\363\000m\000i\000c\000o\000s}{subsection.3.3.2}% 30
\BOOKMARK [3][-]{subsubsection.3.3.2.2}{\376\377\000P\000u\000e\000s\000t\000a\000\040\000e\000n\000\040\000M\000a\000r\000c\000h\000a}{subsection.3.3.2}% 31
\BOOKMARK [3][-]{subsubsection.3.3.2.3}{\376\377\000C\000\341\000l\000c\000u\000l\000o\000\040\000d\000e\000l\000\040\000V\000a\000l\000o\000r\000\040\000A\000c\000t\000u\000a\000l\000\040\000N\000e\000t\000o}{subsection.3.3.2}% 32
\BOOKMARK [1][-]{section.3.4}{\376\377\000C\000o\000n\000c\000l\000u\000s\000i\000\363\000n\000\040\000d\000e\000\040\000F\000a\000c\000t\000i\000b\000i\000l\000i\000d\000a\000d}{chapter.3}% 33
\BOOKMARK [0][-]{chapter.4}{\376\377\000R\000e\000q\000u\000e\000r\000i\000m\000i\000e\000n\000t\000o\000s\000\040\000d\000e\000l\000\040\000S\000o\000f\000t\000w\000a\000r\000e}{}% 34
\BOOKMARK [1][-]{section.4.1}{\376\377\000L\000\355\000m\000i\000t\000e\000s}{chapter.4}% 35
\BOOKMARK [1][-]{section.4.2}{\376\377\000C\000a\000r\000a\000c\000t\000e\000r\000i\000z\000a\000c\000i\000\363\000n\000\040\000d\000e\000\040\000l\000o\000s\000\040\000U\000s\000u\000a\000r\000i\000o\000s}{chapter.4}% 36
\BOOKMARK [1][-]{section.4.3}{\376\377\000O\000b\000j\000e\000t\000i\000v\000o\000\040\000G\000e\000n\000e\000r\000a\000l\000\040\000d\000e\000l\000\040\000S\000o\000f\000t\000w\000a\000r\000e}{chapter.4}% 37
\BOOKMARK [2][-]{subsection.4.3.1}{\376\377\000O\000b\000j\000e\000t\000i\000v\000o\000s\000\040\000E\000s\000p\000e\000c\000\355\000f\000i\000c\000o\000s\000\040\000d\000e\000l\000\040\000S\000o\000f\000t\000w\000a\000r\000e}{section.4.3}% 38
\BOOKMARK [1][-]{section.4.4}{\376\377\000R\000e\000q\000u\000e\000r\000i\000m\000i\000e\000n\000t\000o\000s\000\040\000F\000u\000n\000c\000i\000o\000n\000a\000l\000e\000s\000\040\000d\000e\000l\000\040\000S\000o\000f\000t\000w\000a\000r\000e}{chapter.4}% 39
\BOOKMARK [1][-]{section.4.5}{\376\377\000R\000e\000q\000u\000e\000r\000i\000m\000i\000e\000n\000t\000o\000s\000\040\000N\000o\000\040\000F\000u\000n\000c\000i\000o\000n\000a\000l\000e\000s\000\040\000d\000e\000l\000\040\000S\000o\000f\000t\000w\000a\000r\000e}{chapter.4}% 40
\BOOKMARK [1][-]{section.4.6}{\376\377\000I\000n\000t\000e\000r\000f\000a\000c\000e\000s\000\040\000I\000n\000t\000e\000r\000n\000a\000s\000\040\000d\000e\000\040\000S\000a\000l\000i\000d\000a}{chapter.4}% 41
\BOOKMARK [1][-]{section.4.7}{\376\377\000I\000n\000t\000e\000r\000f\000a\000c\000e\000s\000\040\000E\000x\000t\000e\000r\000n\000a\000s\000\040\000d\000e\000\040\000S\000a\000l\000i\000d\000a}{chapter.4}% 42
\BOOKMARK [0][-]{chapter.5}{\376\377\000A\000n\000\341\000l\000i\000s\000i\000s\000\040\000F\000u\000n\000c\000i\000o\000n\000a\000l}{}% 43
\BOOKMARK [1][-]{section.5.1}{\376\377\000A\000c\000t\000o\000r\000e\000s}{chapter.5}% 44
\BOOKMARK [1][-]{section.5.2}{\376\377\000C\000a\000s\000o\000s\000\040\000d\000e\000\040\000U\000s\000o}{chapter.5}% 45
\BOOKMARK [2][-]{subsection.5.2.1}{\376\377\000D\000i\000a\000g\000r\000a\000m\000a\000s\000\040\000d\000e\000\040\000C\000a\000s\000o\000s\000\040\000d\000e\000\040\000U\000s\000o}{section.5.2}% 46
\BOOKMARK [2][-]{subsection.5.2.2}{\376\377\000E\000s\000p\000e\000c\000i\000f\000i\000c\000a\000c\000i\000\363\000n\000\040\000d\000e\000\040\000l\000o\000s\000\040\000C\000a\000s\000o\000s\000\040\000d\000e\000\040\000U\000s\000o}{section.5.2}% 47
\BOOKMARK [2][-]{subsection.5.2.3}{\376\377\000D\000e\000t\000a\000l\000l\000e\000\040\000d\000e\000\040\000l\000o\000s\000\040\000C\000a\000s\000o\000s\000\040\000d\000e\000\040\000U\000s\000o}{section.5.2}% 48
\BOOKMARK [1][-]{section.5.3}{\376\377\000M\000o\000d\000e\000l\000o\000\040\000d\000e\000\040\000D\000a\000t\000o\000s}{chapter.5}% 49
\BOOKMARK [1][-]{section.5.4}{\376\377\000E\000s\000q\000u\000e\000m\000a\000\040\000d\000e\000\040\000l\000a\000\040\000B\000a\000s\000e\000\040\000d\000e\000\040\000D\000a\000t\000o\000s}{chapter.5}% 50
\BOOKMARK [1][-]{section.5.5}{\376\377\000D\000i\000s\000e\000\361\000o\000\040\000d\000e\000\040\000I\000n\000t\000e\000r\000f\000a\000z}{chapter.5}% 51
\BOOKMARK [2][-]{subsection.5.5.1}{\376\377\000P\000a\000l\000e\000t\000a\000\040\000d\000e\000\040\000C\000o\000l\000o\000r\000e\000s\000\040\000y\000\040\000T\000i\000p\000o\000g\000r\000a\000f\000\355\000a}{section.5.5}% 52
\BOOKMARK [1][-]{section.5.6}{\376\377\000D\000i\000s\000e\000\361\000o\000\040\000d\000e\000\040\000A\000r\000q\000u\000i\000t\000e\000c\000t\000u\000r\000a}{chapter.5}% 53
\BOOKMARK [1][-]{section.5.7}{\376\377\000E\000s\000t\000r\000u\000c\000t\000u\000r\000a\000\040\000d\000e\000l\000\040\000C\000\363\000d\000i\000g\000o}{chapter.5}% 54
\BOOKMARK [2][-]{subsection.5.7.1}{\376\377\000E\000s\000t\000\341\000n\000d\000r\000e\000s\000\040\000d\000e\000\040\000C\000o\000d\000i\000f\000i\000c\000a\000c\000i\000\363\000n}{section.5.7}% 55
\BOOKMARK [2][-]{subsection.5.7.2}{\376\377\000B\000a\000c\000k\000e\000n\000d}{section.5.7}% 56
\BOOKMARK [2][-]{subsection.5.7.3}{\376\377\000F\000r\000o\000n\000t\000e\000n\000d}{section.5.7}% 57
\BOOKMARK [0][-]{chapter.6}{\376\377\000P\000l\000a\000n\000\040\000d\000e\000\040\000C\000a\000p\000a\000c\000i\000t\000a\000c\000i\000\363\000n\000,\000\040\000I\000m\000p\000l\000a\000n\000t\000a\000c\000i\000\363\000n\000\040\000y\000\040\000P\000u\000e\000s\000t\000a\000\040\000e\000n\000\040\000M\000a\000r\000c\000h\000a}{}% 58
\BOOKMARK [1][-]{section.6.1}{\376\377\000E\000s\000t\000a\000d\000o\000\040\000d\000e\000l\000\040\000P\000r\000o\000y\000e\000c\000t\000o}{chapter.6}% 59
\BOOKMARK [1][-]{section.6.2}{\376\377\000I\000m\000p\000l\000a\000n\000t\000a\000c\000i\000\363\000n\000\040\000y\000\040\000P\000u\000e\000s\000t\000a\000\040\000e\000n\000\040\000M\000a\000r\000c\000h\000a}{chapter.6}% 60
\BOOKMARK [1][-]{section.6.3}{\376\377\000P\000l\000a\000n\000\040\000d\000e\000\040\000C\000a\000p\000a\000c\000i\000t\000a\000c\000i\000\363\000n}{chapter.6}% 61
\BOOKMARK [0][-]{chapter.7}{\376\377\000C\000o\000n\000c\000l\000u\000s\000i\000\363\000n\000\040\000d\000e\000l\000\040\000P\000r\000o\000y\000e\000c\000t\000o}{}% 62
\BOOKMARK [0][-]{chapter.8}{\376\377\000A\000n\000e\000x\000o\000s}{}% 63
\BOOKMARK [1][-]{section.8.1}{\376\377\000A\000n\000e\000x\000o\000\040\000E\000s\000t\000i\000m\000a\000c\000i\000\363\000n\000\040\000d\000e\000\040\000C\000a\000s\000o\000s\000\040\000d\000e\000\040\000U\000s\000o}{chapter.8}% 64
\BOOKMARK [1][-]{section.8.2}{\376\377\000A\000n\000e\000x\000o\000s\000\040\000d\000e\000\040\000R\000e\000c\000o\000p\000i\000l\000a\000c\000i\000\363\000n\000\040\000d\000e\000\040\000I\000n\000f\000o\000r\000m\000a\000c\000i\000\363\000n}{chapter.8}% 65
\BOOKMARK [1][-]{section.8.3}{\376\377\000A\000n\000e\000x\000o\000\040\000A\000s\000p\000e\000c\000t\000o\000s\000\040\000d\000e\000\040\000G\000e\000s\000t\000i\000\363\000n\000\040\000d\000e\000\040\000P\000r\000o\000y\000e\000c\000t\000o\000s}{chapter.8}% 66
\BOOKMARK [2][-]{subsection.8.3.1}{\376\377\000A\000n\000e\000x\000o\000\040\000R\000e\000s\000u\000m\000e\000n\000\040\000d\000e\000\040\000E\000s\000f\000u\000e\000r\000z\000o}{section.8.3}% 67
\BOOKMARK [1][-]{section.8.4}{\376\377\000A\000n\000e\000x\000o\000s\000\040\000R\000e\000t\000r\000o\000s\000p\000e\000c\000t\000i\000v\000a\000\040\000d\000e\000l\000\040\000P\000r\000o\000y\000e\000c\000t\000o}{chapter.8}% 68
\BOOKMARK [2][-]{subsection.8.4.1}{\376\377\000A\000n\000e\000x\000o\000\040\000I\000t\000e\000r\000a\000c\000i\000o\000n\000e\000s\000\040\000e\000n\000\040\000e\000l\000\040\000D\000e\000s\000a\000r\000r\000o\000l\000l\000o}{section.8.4}% 69
